INFO 2025-10-23 09:58:03,636 autoreload Watching for file changes with StatReloader
WARNING 2025-10-23 09:58:07,320 log Not Found: /favicon.ico
INFO 2025-10-23 10:08:41,174 autoreload Watching for file changes with StatReloader
WARNING 2025-10-23 10:10:52,016 log Not Found: /home
WARNING 2025-10-23 10:11:02,189 log Not Found: /core
INFO 2025-10-23 10:14:37,956 autoreload C:\Users\Student13\Desktop\django\CrimeWatch\crimewatch\crimewatch\urls.py changed, reloading.
INFO 2025-10-23 10:14:38,400 autoreload Watching for file changes with StatReloader
INFO 2025-10-23 10:14:40,631 autoreload C:\Users\Student13\Desktop\django\CrimeWatch\crimewatch\crimewatch\urls.py changed, reloading.
INFO 2025-10-23 10:14:41,026 autoreload Watching for file changes with StatReloader
INFO 2025-10-23 10:14:43,265 autoreload C:\Users\Student13\Desktop\django\CrimeWatch\crimewatch\crimewatch\urls.py changed, reloading.
INFO 2025-10-23 10:14:43,662 autoreload Watching for file changes with StatReloader
INFO 2025-10-23 10:14:57,102 autoreload C:\Users\Student13\Desktop\django\CrimeWatch\crimewatch\crimewatch\urls.py changed, reloading.
INFO 2025-10-23 10:14:57,492 autoreload Watching for file changes with StatReloader
INFO 2025-10-23 10:16:03,145 autoreload C:\Users\Student13\Desktop\django\CrimeWatch\crimewatch\crimewatch\settings.py changed, reloading.
INFO 2025-10-23 10:16:03,553 autoreload Watching for file changes with StatReloader
INFO 2025-10-23 10:16:04,940 autoreload C:\Users\Student13\Desktop\django\CrimeWatch\crimewatch\crimewatch\settings.py changed, reloading.
INFO 2025-10-23 10:16:05,348 autoreload Watching for file changes with StatReloader
INFO 2025-10-23 10:16:57,698 autoreload C:\Users\Student13\Desktop\django\CrimeWatch\crimewatch\core\urls.py changed, reloading.
INFO 2025-10-23 10:16:58,087 autoreload Watching for file changes with StatReloader
INFO 2025-10-23 10:17:06,456 autoreload C:\Users\Student13\Desktop\django\CrimeWatch\crimewatch\core\urls.py changed, reloading.
INFO 2025-10-23 10:17:06,844 autoreload Watching for file changes with StatReloader
INFO 2025-10-23 10:17:15,207 autoreload C:\Users\Student13\Desktop\django\CrimeWatch\crimewatch\core\urls.py changed, reloading.
INFO 2025-10-23 10:17:15,597 autoreload Watching for file changes with StatReloader
INFO 2025-10-23 10:17:19,870 autoreload C:\Users\Student13\Desktop\django\CrimeWatch\crimewatch\core\urls.py changed, reloading.
INFO 2025-10-23 10:17:20,260 autoreload Watching for file changes with StatReloader
ERROR 2025-10-23 10:17:27,467 log Internal Server Error: /
Traceback (most recent call last):
  File "C:\Users\Student13\Desktop\django\CrimeWatch\.venv\Lib\site-packages\django\core\handlers\exception.py", line 55, in inner
    response = get_response(request)
  File "C:\Users\Student13\Desktop\django\CrimeWatch\.venv\Lib\site-packages\django\core\handlers\base.py", line 197, in _get_response
    response = wrapped_callback(request, *callback_args, **callback_kwargs)
  File "C:\Users\Student13\Desktop\django\CrimeWatch\crimewatch\core\views.py", line 5, in home_view
    return render(request, 'home.html')
  File "C:\Users\Student13\Desktop\django\CrimeWatch\.venv\Lib\site-packages\django\shortcuts.py", line 25, in render
    content = loader.render_to_string(template_name, context, request, using=using)
  File "C:\Users\Student13\Desktop\django\CrimeWatch\.venv\Lib\site-packages\django\template\loader.py", line 62, in render_to_string
    return template.render(context, request)
           ~~~~~~~~~~~~~~~^^^^^^^^^^^^^^^^^^
  File "C:\Users\Student13\Desktop\django\CrimeWatch\.venv\Lib\site-packages\django\template\backends\django.py", line 107, in render
    return self.template.render(context)
           ~~~~~~~~~~~~~~~~~~~~^^^^^^^^^
  File "C:\Users\Student13\Desktop\django\CrimeWatch\.venv\Lib\site-packages\django\template\base.py", line 171, in render
    return self._render(context)
           ~~~~~~~~~~~~^^^^^^^^^
  File "C:\Users\Student13\Desktop\django\CrimeWatch\.venv\Lib\site-packages\django\template\base.py", line 163, in _render
    return self.nodelist.render(context)
           ~~~~~~~~~~~~~~~~~~~~^^^^^^^^^
  File "C:\Users\Student13\Desktop\django\CrimeWatch\.venv\Lib\site-packages\django\template\base.py", line 1016, in render
    return SafeString("".join([node.render_annotated(context) for node in self]))
                               ~~~~~~~~~~~~~~~~~~~~~^^^^^^^^^
  File "C:\Users\Student13\Desktop\django\CrimeWatch\.venv\Lib\site-packages\django\template\base.py", line 977, in render_annotated
    return self.render(context)
           ~~~~~~~~~~~^^^^^^^^^
  File "C:\Users\Student13\Desktop\django\CrimeWatch\.venv\Lib\site-packages\django\template\loader_tags.py", line 159, in render
    return compiled_parent._render(context)
           ~~~~~~~~~~~~~~~~~~~~~~~^^^^^^^^^
  File "C:\Users\Student13\Desktop\django\CrimeWatch\.venv\Lib\site-packages\django\template\base.py", line 163, in _render
    return self.nodelist.render(context)
           ~~~~~~~~~~~~~~~~~~~~^^^^^^^^^
  File "C:\Users\Student13\Desktop\django\CrimeWatch\.venv\Lib\site-packages\django\template\base.py", line 1016, in render
    return SafeString("".join([node.render_annotated(context) for node in self]))
                               ~~~~~~~~~~~~~~~~~~~~~^^^^^^^^^
  File "C:\Users\Student13\Desktop\django\CrimeWatch\.venv\Lib\site-packages\django\template\base.py", line 977, in render_annotated
    return self.render(context)
           ~~~~~~~~~~~^^^^^^^^^
  File "C:\Users\Student13\Desktop\django\CrimeWatch\.venv\Lib\site-packages\django\template\defaulttags.py", line 480, in render
    url = reverse(view_name, args=args, kwargs=kwargs, current_app=current_app)
  File "C:\Users\Student13\Desktop\django\CrimeWatch\.venv\Lib\site-packages\django\urls\base.py", line 98, in reverse
    resolved_url = resolver._reverse_with_prefix(view, prefix, *args, **kwargs)
  File "C:\Users\Student13\Desktop\django\CrimeWatch\.venv\Lib\site-packages\django\urls\resolvers.py", line 831, in _reverse_with_prefix
    raise NoReverseMatch(msg)
django.urls.exceptions.NoReverseMatch: Reverse for 'case_list' not found. 'case_list' is not a valid view function or pattern name.
INFO 2025-10-23 10:20:37,570 autoreload C:\Users\Student13\Desktop\django\CrimeWatch\crimewatch\core\models.py changed, reloading.
INFO 2025-10-23 10:20:37,980 autoreload Watching for file changes with StatReloader
INFO 2025-10-23 10:26:01,857 autoreload Watching for file changes with StatReloader
INFO 2025-10-23 10:26:30,594 autoreload C:\Users\Student13\Desktop\django\CrimeWatch\crimewatch\core\urls.py changed, reloading.
INFO 2025-10-23 10:26:30,987 autoreload Watching for file changes with StatReloader
INFO 2025-10-23 10:28:13,422 autoreload Watching for file changes with StatReloader
INFO 2025-10-23 11:18:28,949 autoreload Watching for file changes with StatReloader
ERROR 2025-10-23 11:18:34,285 log Internal Server Error: /about/
Traceback (most recent call last):
  File "C:\Users\Student13\Desktop\django\CrimeWatch\.venv\Lib\site-packages\django\core\handlers\exception.py", line 55, in inner
    response = get_response(request)
  File "C:\Users\Student13\Desktop\django\CrimeWatch\.venv\Lib\site-packages\django\core\handlers\base.py", line 197, in _get_response
    response = wrapped_callback(request, *callback_args, **callback_kwargs)
  File "C:\Users\Student13\Desktop\django\CrimeWatch\crimewatch\core\views.py", line 16, in about_view
    return render(request, 'core/about.html')
  File "C:\Users\Student13\Desktop\django\CrimeWatch\.venv\Lib\site-packages\django\shortcuts.py", line 25, in render
    content = loader.render_to_string(template_name, context, request, using=using)
  File "C:\Users\Student13\Desktop\django\CrimeWatch\.venv\Lib\site-packages\django\template\loader.py", line 61, in render_to_string
    template = get_template(template_name, using=using)
  File "C:\Users\Student13\Desktop\django\CrimeWatch\.venv\Lib\site-packages\django\template\loader.py", line 19, in get_template
    raise TemplateDoesNotExist(template_name, chain=chain)
django.template.exceptions.TemplateDoesNotExist: core/about.html
INFO 2025-10-23 11:22:43,632 autoreload C:\Users\Student13\Desktop\django\CrimeWatch\crimewatch\core\views.py changed, reloading.
INFO 2025-10-23 11:22:44,021 autoreload Watching for file changes with StatReloader
INFO 2025-10-23 11:27:30,866 autoreload Watching for file changes with StatReloader
INFO 2025-10-23 11:30:22,184 autoreload Watching for file changes with StatReloader
INFO 2025-10-23 11:30:32,692 autoreload Watching for file changes with StatReloader
INFO 2025-10-29 10:43:36,554 autoreload Watching for file changes with StatReloader
WARNING 2025-10-29 10:43:41,435 log Not Found: /favicon.ico
INFO 2025-10-29 11:20:21,801 autoreload Watching for file changes with StatReloader
WARNING 2025-10-29 11:22:02,047 log Not Found: /.well-known/appspecific/com.chrome.devtools.json
ERROR 2025-10-29 11:22:15,311 log Internal Server Error: /register/
Traceback (most recent call last):
  File "C:\Users\Student4-2\Desktop\django\CrimeWatch\.venv\Lib\site-packages\django\urls\base.py", line 81, in reverse
    extra, resolver = resolver.namespace_dict[ns]
                      ~~~~~~~~~~~~~~~~~~~~~~~^^^^
KeyError: 'core'

During handling of the above exception, another exception occurred:

Traceback (most recent call last):
  File "C:\Users\Student4-2\Desktop\django\CrimeWatch\.venv\Lib\site-packages\django\core\handlers\exception.py", line 55, in inner
    response = get_response(request)
  File "C:\Users\Student4-2\Desktop\django\CrimeWatch\.venv\Lib\site-packages\django\core\handlers\base.py", line 197, in _get_response
    response = wrapped_callback(request, *callback_args, **callback_kwargs)
  File "C:\Users\Student4-2\Desktop\django\CrimeWatch\crimewatch\core\views.py", line 30, in register_view
    return redirect('core:home')
  File "C:\Users\Student4-2\Desktop\django\CrimeWatch\.venv\Lib\site-packages\django\shortcuts.py", line 51, in redirect
    resolve_url(to, *args, **kwargs),
    ~~~~~~~~~~~^^^^^^^^^^^^^^^^^^^^^
  File "C:\Users\Student4-2\Desktop\django\CrimeWatch\.venv\Lib\site-packages\django\shortcuts.py", line 184, in resolve_url
    return reverse(to, args=args, kwargs=kwargs)
  File "C:\Users\Student4-2\Desktop\django\CrimeWatch\.venv\Lib\site-packages\django\urls\base.py", line 92, in reverse
    raise NoReverseMatch("%s is not a registered namespace" % key)
django.urls.exceptions.NoReverseMatch: 'core' is not a registered namespace
WARNING 2025-10-29 11:22:15,386 log Not Found: /.well-known/appspecific/com.chrome.devtools.json
INFO 2025-10-29 11:25:44,448 autoreload C:\Users\Student4-2\Desktop\django\CrimeWatch\crimewatch\core\views.py changed, reloading.
INFO 2025-10-29 11:25:45,142 autoreload Watching for file changes with StatReloader
WARNING 2025-10-29 11:26:07,071 log Not Found: /.well-known/appspecific/com.chrome.devtools.json
WARNING 2025-10-29 11:26:15,277 log Not Found: /.well-known/appspecific/com.chrome.devtools.json
INFO 2025-10-29 11:33:31,721 autoreload Watching for file changes with StatReloader
WARNING 2025-10-29 11:38:53,764 log Not Found: /favicon.ico
INFO 2025-10-29 13:24:11,213 autoreload Watching for file changes with StatReloader
INFO 2025-10-29 13:30:18,624 autoreload Watching for file changes with StatReloader
WARNING 2025-10-29 13:30:27,264 log Method Not Allowed (GET): /logout/
INFO 2025-10-29 13:39:17,283 autoreload Watching for file changes with StatReloader
WARNING 2025-10-29 13:39:31,977 log Method Not Allowed (GET): /logout/
INFO 2025-10-29 13:39:47,097 autoreload Watching for file changes with StatReloader
INFO 2025-10-29 13:47:51,596 autoreload Watching for file changes with StatReloader
INFO 2025-10-29 13:48:09,915 autoreload Watching for file changes with StatReloader
WARNING 2025-10-29 13:48:16,337 log Method Not Allowed (GET): /logout/
WARNING 2025-10-29 13:51:58,719 log Method Not Allowed (GET): /logout/
INFO 2025-10-29 13:55:03,716 autoreload C:\Users\Student4-2\Desktop\django\CrimeWatch\crimewatch\core\urls.py changed, reloading.
INFO 2025-10-29 13:55:04,706 autoreload Watching for file changes with StatReloader
WARNING 2025-10-29 13:55:28,807 log Method Not Allowed (GET): /logout/
WARNING 2025-10-29 13:55:37,440 log Method Not Allowed (GET): /logout/
INFO 2025-10-29 13:58:35,430 autoreload C:\Users\Student4-2\Desktop\django\CrimeWatch\crimewatch\core\urls.py changed, reloading.
INFO 2025-10-29 13:58:36,152 autoreload Watching for file changes with StatReloader
WARNING 2025-10-29 13:58:45,656 log Method Not Allowed (GET): /logout/
INFO 2025-10-29 13:59:02,388 autoreload C:\Users\Student4-2\Desktop\django\CrimeWatch\crimewatch\core\urls.py changed, reloading.
INFO 2025-10-29 13:59:03,077 autoreload Watching for file changes with StatReloader
INFO 2025-10-29 13:59:27,819 autoreload C:\Users\Student4-2\Desktop\django\CrimeWatch\crimewatch\core\views.py changed, reloading.
INFO 2025-10-29 13:59:28,736 autoreload Watching for file changes with StatReloader
INFO 2025-10-29 13:59:40,893 autoreload C:\Users\Student4-2\Desktop\django\CrimeWatch\crimewatch\core\views.py changed, reloading.
INFO 2025-10-29 13:59:41,626 autoreload Watching for file changes with StatReloader
INFO 2025-10-29 13:59:44,230 autoreload C:\Users\Student4-2\Desktop\django\CrimeWatch\crimewatch\core\views.py changed, reloading.
INFO 2025-10-29 13:59:44,981 autoreload Watching for file changes with StatReloader
INFO 2025-10-29 13:59:47,523 autoreload C:\Users\Student4-2\Desktop\django\CrimeWatch\crimewatch\core\views.py changed, reloading.
INFO 2025-10-29 13:59:48,576 autoreload Watching for file changes with StatReloader
INFO 2025-10-29 13:59:59,640 autoreload C:\Users\Student4-2\Desktop\django\CrimeWatch\crimewatch\core\urls.py changed, reloading.
INFO 2025-10-29 14:00:00,541 autoreload Watching for file changes with StatReloader
