INFO 2025-10-23 09:58:03,636 autoreload Watching for file changes with StatReloader
WARNING 2025-10-23 09:58:07,320 log Not Found: /favicon.ico
INFO 2025-10-23 10:08:41,174 autoreload Watching for file changes with StatReloader
WARNING 2025-10-23 10:10:52,016 log Not Found: /home
WARNING 2025-10-23 10:11:02,189 log Not Found: /core
INFO 2025-10-23 10:14:37,956 autoreload C:\Users\Student13\Desktop\django\CrimeWatch\crimewatch\crimewatch\urls.py changed, reloading.
INFO 2025-10-23 10:14:38,400 autoreload Watching for file changes with StatReloader
INFO 2025-10-23 10:14:40,631 autoreload C:\Users\Student13\Desktop\django\CrimeWatch\crimewatch\crimewatch\urls.py changed, reloading.
INFO 2025-10-23 10:14:41,026 autoreload Watching for file changes with StatReloader
INFO 2025-10-23 10:14:43,265 autoreload C:\Users\Student13\Desktop\django\CrimeWatch\crimewatch\crimewatch\urls.py changed, reloading.
INFO 2025-10-23 10:14:43,662 autoreload Watching for file changes with StatReloader
INFO 2025-10-23 10:14:57,102 autoreload C:\Users\Student13\Desktop\django\CrimeWatch\crimewatch\crimewatch\urls.py changed, reloading.
INFO 2025-10-23 10:14:57,492 autoreload Watching for file changes with StatReloader
INFO 2025-10-23 10:16:03,145 autoreload C:\Users\Student13\Desktop\django\CrimeWatch\crimewatch\crimewatch\settings.py changed, reloading.
INFO 2025-10-23 10:16:03,553 autoreload Watching for file changes with StatReloader
INFO 2025-10-23 10:16:04,940 autoreload C:\Users\Student13\Desktop\django\CrimeWatch\crimewatch\crimewatch\settings.py changed, reloading.
INFO 2025-10-23 10:16:05,348 autoreload Watching for file changes with StatReloader
INFO 2025-10-23 10:16:57,698 autoreload C:\Users\Student13\Desktop\django\CrimeWatch\crimewatch\core\urls.py changed, reloading.
INFO 2025-10-23 10:16:58,087 autoreload Watching for file changes with StatReloader
INFO 2025-10-23 10:17:06,456 autoreload C:\Users\Student13\Desktop\django\CrimeWatch\crimewatch\core\urls.py changed, reloading.
INFO 2025-10-23 10:17:06,844 autoreload Watching for file changes with StatReloader
INFO 2025-10-23 10:17:15,207 autoreload C:\Users\Student13\Desktop\django\CrimeWatch\crimewatch\core\urls.py changed, reloading.
INFO 2025-10-23 10:17:15,597 autoreload Watching for file changes with StatReloader
INFO 2025-10-23 10:17:19,870 autoreload C:\Users\Student13\Desktop\django\CrimeWatch\crimewatch\core\urls.py changed, reloading.
INFO 2025-10-23 10:17:20,260 autoreload Watching for file changes with StatReloader
ERROR 2025-10-23 10:17:27,467 log Internal Server Error: /
Traceback (most recent call last):
  File "C:\Users\Student13\Desktop\django\CrimeWatch\.venv\Lib\site-packages\django\core\handlers\exception.py", line 55, in inner
    response = get_response(request)
  File "C:\Users\Student13\Desktop\django\CrimeWatch\.venv\Lib\site-packages\django\core\handlers\base.py", line 197, in _get_response
    response = wrapped_callback(request, *callback_args, **callback_kwargs)
  File "C:\Users\Student13\Desktop\django\CrimeWatch\crimewatch\core\views.py", line 5, in home_view
    return render(request, 'home.html')
  File "C:\Users\Student13\Desktop\django\CrimeWatch\.venv\Lib\site-packages\django\shortcuts.py", line 25, in render
    content = loader.render_to_string(template_name, context, request, using=using)
  File "C:\Users\Student13\Desktop\django\CrimeWatch\.venv\Lib\site-packages\django\template\loader.py", line 62, in render_to_string
    return template.render(context, request)
           ~~~~~~~~~~~~~~~^^^^^^^^^^^^^^^^^^
  File "C:\Users\Student13\Desktop\django\CrimeWatch\.venv\Lib\site-packages\django\template\backends\django.py", line 107, in render
    return self.template.render(context)
           ~~~~~~~~~~~~~~~~~~~~^^^^^^^^^
  File "C:\Users\Student13\Desktop\django\CrimeWatch\.venv\Lib\site-packages\django\template\base.py", line 171, in render
    return self._render(context)
           ~~~~~~~~~~~~^^^^^^^^^
  File "C:\Users\Student13\Desktop\django\CrimeWatch\.venv\Lib\site-packages\django\template\base.py", line 163, in _render
    return self.nodelist.render(context)
           ~~~~~~~~~~~~~~~~~~~~^^^^^^^^^
  File "C:\Users\Student13\Desktop\django\CrimeWatch\.venv\Lib\site-packages\django\template\base.py", line 1016, in render
    return SafeString("".join([node.render_annotated(context) for node in self]))
                               ~~~~~~~~~~~~~~~~~~~~~^^^^^^^^^
  File "C:\Users\Student13\Desktop\django\CrimeWatch\.venv\Lib\site-packages\django\template\base.py", line 977, in render_annotated
    return self.render(context)
           ~~~~~~~~~~~^^^^^^^^^
  File "C:\Users\Student13\Desktop\django\CrimeWatch\.venv\Lib\site-packages\django\template\loader_tags.py", line 159, in render
    return compiled_parent._render(context)
           ~~~~~~~~~~~~~~~~~~~~~~~^^^^^^^^^
  File "C:\Users\Student13\Desktop\django\CrimeWatch\.venv\Lib\site-packages\django\template\base.py", line 163, in _render
    return self.nodelist.render(context)
           ~~~~~~~~~~~~~~~~~~~~^^^^^^^^^
  File "C:\Users\Student13\Desktop\django\CrimeWatch\.venv\Lib\site-packages\django\template\base.py", line 1016, in render
    return SafeString("".join([node.render_annotated(context) for node in self]))
                               ~~~~~~~~~~~~~~~~~~~~~^^^^^^^^^
  File "C:\Users\Student13\Desktop\django\CrimeWatch\.venv\Lib\site-packages\django\template\base.py", line 977, in render_annotated
    return self.render(context)
           ~~~~~~~~~~~^^^^^^^^^
  File "C:\Users\Student13\Desktop\django\CrimeWatch\.venv\Lib\site-packages\django\template\defaulttags.py", line 480, in render
    url = reverse(view_name, args=args, kwargs=kwargs, current_app=current_app)
  File "C:\Users\Student13\Desktop\django\CrimeWatch\.venv\Lib\site-packages\django\urls\base.py", line 98, in reverse
    resolved_url = resolver._reverse_with_prefix(view, prefix, *args, **kwargs)
  File "C:\Users\Student13\Desktop\django\CrimeWatch\.venv\Lib\site-packages\django\urls\resolvers.py", line 831, in _reverse_with_prefix
    raise NoReverseMatch(msg)
django.urls.exceptions.NoReverseMatch: Reverse for 'case_list' not found. 'case_list' is not a valid view function or pattern name.
INFO 2025-10-23 10:20:37,570 autoreload C:\Users\Student13\Desktop\django\CrimeWatch\crimewatch\core\models.py changed, reloading.
INFO 2025-10-23 10:20:37,980 autoreload Watching for file changes with StatReloader
INFO 2025-10-23 10:26:01,857 autoreload Watching for file changes with StatReloader
INFO 2025-10-23 10:26:30,594 autoreload C:\Users\Student13\Desktop\django\CrimeWatch\crimewatch\core\urls.py changed, reloading.
INFO 2025-10-23 10:26:30,987 autoreload Watching for file changes with StatReloader
INFO 2025-10-23 10:28:13,422 autoreload Watching for file changes with StatReloader
INFO 2025-10-23 11:18:28,949 autoreload Watching for file changes with StatReloader
ERROR 2025-10-23 11:18:34,285 log Internal Server Error: /about/
Traceback (most recent call last):
  File "C:\Users\Student13\Desktop\django\CrimeWatch\.venv\Lib\site-packages\django\core\handlers\exception.py", line 55, in inner
    response = get_response(request)
  File "C:\Users\Student13\Desktop\django\CrimeWatch\.venv\Lib\site-packages\django\core\handlers\base.py", line 197, in _get_response
    response = wrapped_callback(request, *callback_args, **callback_kwargs)
  File "C:\Users\Student13\Desktop\django\CrimeWatch\crimewatch\core\views.py", line 16, in about_view
    return render(request, 'core/about.html')
  File "C:\Users\Student13\Desktop\django\CrimeWatch\.venv\Lib\site-packages\django\shortcuts.py", line 25, in render
    content = loader.render_to_string(template_name, context, request, using=using)
  File "C:\Users\Student13\Desktop\django\CrimeWatch\.venv\Lib\site-packages\django\template\loader.py", line 61, in render_to_string
    template = get_template(template_name, using=using)
  File "C:\Users\Student13\Desktop\django\CrimeWatch\.venv\Lib\site-packages\django\template\loader.py", line 19, in get_template
    raise TemplateDoesNotExist(template_name, chain=chain)
django.template.exceptions.TemplateDoesNotExist: core/about.html
INFO 2025-10-23 11:22:43,632 autoreload C:\Users\Student13\Desktop\django\CrimeWatch\crimewatch\core\views.py changed, reloading.
INFO 2025-10-23 11:22:44,021 autoreload Watching for file changes with StatReloader
INFO 2025-10-23 11:27:30,866 autoreload Watching for file changes with StatReloader
INFO 2025-10-23 11:30:22,184 autoreload Watching for file changes with StatReloader
INFO 2025-10-23 11:30:32,692 autoreload Watching for file changes with StatReloader
INFO 2025-10-29 10:43:36,554 autoreload Watching for file changes with StatReloader
WARNING 2025-10-29 10:43:41,435 log Not Found: /favicon.ico
INFO 2025-10-29 11:20:21,801 autoreload Watching for file changes with StatReloader
WARNING 2025-10-29 11:22:02,047 log Not Found: /.well-known/appspecific/com.chrome.devtools.json
ERROR 2025-10-29 11:22:15,311 log Internal Server Error: /register/
Traceback (most recent call last):
  File "C:\Users\Student4-2\Desktop\django\CrimeWatch\.venv\Lib\site-packages\django\urls\base.py", line 81, in reverse
    extra, resolver = resolver.namespace_dict[ns]
                      ~~~~~~~~~~~~~~~~~~~~~~~^^^^
KeyError: 'core'

During handling of the above exception, another exception occurred:

Traceback (most recent call last):
  File "C:\Users\Student4-2\Desktop\django\CrimeWatch\.venv\Lib\site-packages\django\core\handlers\exception.py", line 55, in inner
    response = get_response(request)
  File "C:\Users\Student4-2\Desktop\django\CrimeWatch\.venv\Lib\site-packages\django\core\handlers\base.py", line 197, in _get_response
    response = wrapped_callback(request, *callback_args, **callback_kwargs)
  File "C:\Users\Student4-2\Desktop\django\CrimeWatch\crimewatch\core\views.py", line 30, in register_view
    return redirect('core:home')
  File "C:\Users\Student4-2\Desktop\django\CrimeWatch\.venv\Lib\site-packages\django\shortcuts.py", line 51, in redirect
    resolve_url(to, *args, **kwargs),
    ~~~~~~~~~~~^^^^^^^^^^^^^^^^^^^^^
  File "C:\Users\Student4-2\Desktop\django\CrimeWatch\.venv\Lib\site-packages\django\shortcuts.py", line 184, in resolve_url
    return reverse(to, args=args, kwargs=kwargs)
  File "C:\Users\Student4-2\Desktop\django\CrimeWatch\.venv\Lib\site-packages\django\urls\base.py", line 92, in reverse
    raise NoReverseMatch("%s is not a registered namespace" % key)
django.urls.exceptions.NoReverseMatch: 'core' is not a registered namespace
WARNING 2025-10-29 11:22:15,386 log Not Found: /.well-known/appspecific/com.chrome.devtools.json
INFO 2025-10-29 11:25:44,448 autoreload C:\Users\Student4-2\Desktop\django\CrimeWatch\crimewatch\core\views.py changed, reloading.
INFO 2025-10-29 11:25:45,142 autoreload Watching for file changes with StatReloader
WARNING 2025-10-29 11:26:07,071 log Not Found: /.well-known/appspecific/com.chrome.devtools.json
WARNING 2025-10-29 11:26:15,277 log Not Found: /.well-known/appspecific/com.chrome.devtools.json
INFO 2025-10-29 11:33:31,721 autoreload Watching for file changes with StatReloader
WARNING 2025-10-29 11:38:53,764 log Not Found: /favicon.ico
INFO 2025-10-29 13:24:11,213 autoreload Watching for file changes with StatReloader
INFO 2025-10-29 13:30:18,624 autoreload Watching for file changes with StatReloader
WARNING 2025-10-29 13:30:27,264 log Method Not Allowed (GET): /logout/
INFO 2025-10-29 13:39:17,283 autoreload Watching for file changes with StatReloader
WARNING 2025-10-29 13:39:31,977 log Method Not Allowed (GET): /logout/
INFO 2025-10-29 13:39:47,097 autoreload Watching for file changes with StatReloader
INFO 2025-10-29 13:47:51,596 autoreload Watching for file changes with StatReloader
INFO 2025-10-29 13:48:09,915 autoreload Watching for file changes with StatReloader
WARNING 2025-10-29 13:48:16,337 log Method Not Allowed (GET): /logout/
WARNING 2025-10-29 13:51:58,719 log Method Not Allowed (GET): /logout/
INFO 2025-10-29 13:55:03,716 autoreload C:\Users\Student4-2\Desktop\django\CrimeWatch\crimewatch\core\urls.py changed, reloading.
INFO 2025-10-29 13:55:04,706 autoreload Watching for file changes with StatReloader
WARNING 2025-10-29 13:55:28,807 log Method Not Allowed (GET): /logout/
WARNING 2025-10-29 13:55:37,440 log Method Not Allowed (GET): /logout/
INFO 2025-10-29 13:58:35,430 autoreload C:\Users\Student4-2\Desktop\django\CrimeWatch\crimewatch\core\urls.py changed, reloading.
INFO 2025-10-29 13:58:36,152 autoreload Watching for file changes with StatReloader
WARNING 2025-10-29 13:58:45,656 log Method Not Allowed (GET): /logout/
INFO 2025-10-29 13:59:02,388 autoreload C:\Users\Student4-2\Desktop\django\CrimeWatch\crimewatch\core\urls.py changed, reloading.
INFO 2025-10-29 13:59:03,077 autoreload Watching for file changes with StatReloader
INFO 2025-10-29 13:59:27,819 autoreload C:\Users\Student4-2\Desktop\django\CrimeWatch\crimewatch\core\views.py changed, reloading.
INFO 2025-10-29 13:59:28,736 autoreload Watching for file changes with StatReloader
INFO 2025-10-29 13:59:40,893 autoreload C:\Users\Student4-2\Desktop\django\CrimeWatch\crimewatch\core\views.py changed, reloading.
INFO 2025-10-29 13:59:41,626 autoreload Watching for file changes with StatReloader
INFO 2025-10-29 13:59:44,230 autoreload C:\Users\Student4-2\Desktop\django\CrimeWatch\crimewatch\core\views.py changed, reloading.
INFO 2025-10-29 13:59:44,981 autoreload Watching for file changes with StatReloader
INFO 2025-10-29 13:59:47,523 autoreload C:\Users\Student4-2\Desktop\django\CrimeWatch\crimewatch\core\views.py changed, reloading.
INFO 2025-10-29 13:59:48,576 autoreload Watching for file changes with StatReloader
INFO 2025-10-29 13:59:59,640 autoreload C:\Users\Student4-2\Desktop\django\CrimeWatch\crimewatch\core\urls.py changed, reloading.
INFO 2025-10-29 14:00:00,541 autoreload Watching for file changes with StatReloader
INFO 2025-10-29 14:06:14,240 autoreload Watching for file changes with StatReloader
INFO 2025-10-29 14:14:02,286 autoreload Watching for file changes with StatReloader
INFO 2025-10-29 14:18:58,335 autoreload Watching for file changes with StatReloader
INFO 2025-10-29 14:36:57,197 autoreload Watching for file changes with StatReloader
ERROR 2025-10-29 14:36:59,704 log Internal Server Error: /
Traceback (most recent call last):
  File "C:\Users\Student4-2\Desktop\django\CrimeWatch\.venv\Lib\site-packages\django\template\base.py", line 510, in parse
    compile_func = self.tags[command]
                   ~~~~~~~~~^^^^^^^^^
KeyError: 'static'

During handling of the above exception, another exception occurred:

Traceback (most recent call last):
  File "C:\Users\Student4-2\Desktop\django\CrimeWatch\.venv\Lib\site-packages\django\core\handlers\exception.py", line 55, in inner
    response = get_response(request)
  File "C:\Users\Student4-2\Desktop\django\CrimeWatch\.venv\Lib\site-packages\django\core\handlers\base.py", line 197, in _get_response
    response = wrapped_callback(request, *callback_args, **callback_kwargs)
  File "C:\Users\Student4-2\Desktop\django\CrimeWatch\crimewatch\core\views.py", line 22, in home_view
    return render(request, 'home.html')
  File "C:\Users\Student4-2\Desktop\django\CrimeWatch\.venv\Lib\site-packages\django\shortcuts.py", line 25, in render
    content = loader.render_to_string(template_name, context, request, using=using)
  File "C:\Users\Student4-2\Desktop\django\CrimeWatch\.venv\Lib\site-packages\django\template\loader.py", line 62, in render_to_string
    return template.render(context, request)
           ~~~~~~~~~~~~~~~^^^^^^^^^^^^^^^^^^
  File "C:\Users\Student4-2\Desktop\django\CrimeWatch\.venv\Lib\site-packages\django\template\backends\django.py", line 107, in render
    return self.template.render(context)
           ~~~~~~~~~~~~~~~~~~~~^^^^^^^^^
  File "C:\Users\Student4-2\Desktop\django\CrimeWatch\.venv\Lib\site-packages\django\template\base.py", line 171, in render
    return self._render(context)
           ~~~~~~~~~~~~^^^^^^^^^
  File "C:\Users\Student4-2\Desktop\django\CrimeWatch\.venv\Lib\site-packages\django\template\base.py", line 163, in _render
    return self.nodelist.render(context)
           ~~~~~~~~~~~~~~~~~~~~^^^^^^^^^
  File "C:\Users\Student4-2\Desktop\django\CrimeWatch\.venv\Lib\site-packages\django\template\base.py", line 1016, in render
    return SafeString("".join([node.render_annotated(context) for node in self]))
                               ~~~~~~~~~~~~~~~~~~~~~^^^^^^^^^
  File "C:\Users\Student4-2\Desktop\django\CrimeWatch\.venv\Lib\site-packages\django\template\base.py", line 977, in render_annotated
    return self.render(context)
           ~~~~~~~~~~~^^^^^^^^^
  File "C:\Users\Student4-2\Desktop\django\CrimeWatch\.venv\Lib\site-packages\django\template\loader_tags.py", line 134, in render
    compiled_parent = self.get_parent(context)
  File "C:\Users\Student4-2\Desktop\django\CrimeWatch\.venv\Lib\site-packages\django\template\loader_tags.py", line 131, in get_parent
    return self.find_template(parent, context)
           ~~~~~~~~~~~~~~~~~~^^^^^^^^^^^^^^^^^
  File "C:\Users\Student4-2\Desktop\django\CrimeWatch\.venv\Lib\site-packages\django\template\loader_tags.py", line 109, in find_template
    template, origin = context.template.engine.find_template(
                       ~~~~~~~~~~~~~~~~~~~~~~~~~~~~~~~~~~~~~^
        template_name,
        ^^^^^^^^^^^^^^
        skip=history,
        ^^^^^^^^^^^^^
    )
    ^
  File "C:\Users\Student4-2\Desktop\django\CrimeWatch\.venv\Lib\site-packages\django\template\engine.py", line 159, in find_template
    template = loader.get_template(name, skip=skip)
  File "C:\Users\Student4-2\Desktop\django\CrimeWatch\.venv\Lib\site-packages\django\template\loaders\cached.py", line 57, in get_template
    template = super().get_template(template_name, skip)
  File "C:\Users\Student4-2\Desktop\django\CrimeWatch\.venv\Lib\site-packages\django\template\loaders\base.py", line 28, in get_template
    return Template(
        contents,
    ...<2 lines>...
        self.engine,
    )
  File "C:\Users\Student4-2\Desktop\django\CrimeWatch\.venv\Lib\site-packages\django\template\base.py", line 154, in __init__
    self.nodelist = self.compile_nodelist()
                    ~~~~~~~~~~~~~~~~~~~~~^^
  File "C:\Users\Student4-2\Desktop\django\CrimeWatch\.venv\Lib\site-packages\django\template\base.py", line 196, in compile_nodelist
    nodelist = parser.parse()
  File "C:\Users\Student4-2\Desktop\django\CrimeWatch\.venv\Lib\site-packages\django\template\base.py", line 512, in parse
    self.invalid_block_tag(token, command, parse_until)
    ~~~~~~~~~~~~~~~~~~~~~~^^^^^^^^^^^^^^^^^^^^^^^^^^^^^
  File "C:\Users\Student4-2\Desktop\django\CrimeWatch\.venv\Lib\site-packages\django\template\base.py", line 577, in invalid_block_tag
    raise self.error(
    ...<3 lines>...
    )
django.template.exceptions.TemplateSyntaxError: Invalid block tag on line 4: 'static'. Did you forget to register or load this tag?
INFO 2025-10-29 14:37:37,517 autoreload Watching for file changes with StatReloader
INFO 2025-10-29 14:38:40,343 autoreload Watching for file changes with StatReloader
INFO 2025-10-29 14:39:35,909 autoreload Watching for file changes with StatReloader
INFO 2025-10-29 14:40:22,016 autoreload Watching for file changes with StatReloader
INFO 2025-10-29 14:41:06,793 autoreload Watching for file changes with StatReloader
INFO 2025-10-29 14:44:30,070 autoreload Watching for file changes with StatReloader
ERROR 2025-10-29 14:44:32,484 log Internal Server Error: /
Traceback (most recent call last):
  File "C:\Users\Student4-2\Desktop\django\CrimeWatch\.venv\Lib\site-packages\django\template\base.py", line 510, in parse
    compile_func = self.tags[command]
                   ~~~~~~~~~^^^^^^^^^
KeyError: 'endblock'

During handling of the above exception, another exception occurred:

Traceback (most recent call last):
  File "C:\Users\Student4-2\Desktop\django\CrimeWatch\.venv\Lib\site-packages\django\core\handlers\exception.py", line 55, in inner
    response = get_response(request)
  File "C:\Users\Student4-2\Desktop\django\CrimeWatch\.venv\Lib\site-packages\django\core\handlers\base.py", line 197, in _get_response
    response = wrapped_callback(request, *callback_args, **callback_kwargs)
  File "C:\Users\Student4-2\Desktop\django\CrimeWatch\crimewatch\core\views.py", line 22, in home_view
    return render(request, 'home.html')
  File "C:\Users\Student4-2\Desktop\django\CrimeWatch\.venv\Lib\site-packages\django\shortcuts.py", line 25, in render
    content = loader.render_to_string(template_name, context, request, using=using)
  File "C:\Users\Student4-2\Desktop\django\CrimeWatch\.venv\Lib\site-packages\django\template\loader.py", line 62, in render_to_string
    return template.render(context, request)
           ~~~~~~~~~~~~~~~^^^^^^^^^^^^^^^^^^
  File "C:\Users\Student4-2\Desktop\django\CrimeWatch\.venv\Lib\site-packages\django\template\backends\django.py", line 107, in render
    return self.template.render(context)
           ~~~~~~~~~~~~~~~~~~~~^^^^^^^^^
  File "C:\Users\Student4-2\Desktop\django\CrimeWatch\.venv\Lib\site-packages\django\template\base.py", line 171, in render
    return self._render(context)
           ~~~~~~~~~~~~^^^^^^^^^
  File "C:\Users\Student4-2\Desktop\django\CrimeWatch\.venv\Lib\site-packages\django\template\base.py", line 163, in _render
    return self.nodelist.render(context)
           ~~~~~~~~~~~~~~~~~~~~^^^^^^^^^
  File "C:\Users\Student4-2\Desktop\django\CrimeWatch\.venv\Lib\site-packages\django\template\base.py", line 1016, in render
    return SafeString("".join([node.render_annotated(context) for node in self]))
                               ~~~~~~~~~~~~~~~~~~~~~^^^^^^^^^
  File "C:\Users\Student4-2\Desktop\django\CrimeWatch\.venv\Lib\site-packages\django\template\base.py", line 977, in render_annotated
    return self.render(context)
           ~~~~~~~~~~~^^^^^^^^^
  File "C:\Users\Student4-2\Desktop\django\CrimeWatch\.venv\Lib\site-packages\django\template\loader_tags.py", line 134, in render
    compiled_parent = self.get_parent(context)
  File "C:\Users\Student4-2\Desktop\django\CrimeWatch\.venv\Lib\site-packages\django\template\loader_tags.py", line 131, in get_parent
    return self.find_template(parent, context)
           ~~~~~~~~~~~~~~~~~~^^^^^^^^^^^^^^^^^
  File "C:\Users\Student4-2\Desktop\django\CrimeWatch\.venv\Lib\site-packages\django\template\loader_tags.py", line 109, in find_template
    template, origin = context.template.engine.find_template(
                       ~~~~~~~~~~~~~~~~~~~~~~~~~~~~~~~~~~~~~^
        template_name,
        ^^^^^^^^^^^^^^
        skip=history,
        ^^^^^^^^^^^^^
    )
    ^
  File "C:\Users\Student4-2\Desktop\django\CrimeWatch\.venv\Lib\site-packages\django\template\engine.py", line 159, in find_template
    template = loader.get_template(name, skip=skip)
  File "C:\Users\Student4-2\Desktop\django\CrimeWatch\.venv\Lib\site-packages\django\template\loaders\cached.py", line 57, in get_template
    template = super().get_template(template_name, skip)
  File "C:\Users\Student4-2\Desktop\django\CrimeWatch\.venv\Lib\site-packages\django\template\loaders\base.py", line 28, in get_template
    return Template(
        contents,
    ...<2 lines>...
        self.engine,
    )
  File "C:\Users\Student4-2\Desktop\django\CrimeWatch\.venv\Lib\site-packages\django\template\base.py", line 154, in __init__
    self.nodelist = self.compile_nodelist()
                    ~~~~~~~~~~~~~~~~~~~~~^^
  File "C:\Users\Student4-2\Desktop\django\CrimeWatch\.venv\Lib\site-packages\django\template\base.py", line 196, in compile_nodelist
    nodelist = parser.parse()
  File "C:\Users\Student4-2\Desktop\django\CrimeWatch\.venv\Lib\site-packages\django\template\base.py", line 512, in parse
    self.invalid_block_tag(token, command, parse_until)
    ~~~~~~~~~~~~~~~~~~~~~~^^^^^^^^^^^^^^^^^^^^^^^^^^^^^
  File "C:\Users\Student4-2\Desktop\django\CrimeWatch\.venv\Lib\site-packages\django\template\base.py", line 577, in invalid_block_tag
    raise self.error(
    ...<3 lines>...
    )
django.template.exceptions.TemplateSyntaxError: Invalid block tag on line 83: 'endblock'. Did you forget to register or load this tag?
INFO 2025-10-29 14:45:01,159 autoreload Watching for file changes with StatReloader
ERROR 2025-10-29 14:45:05,094 log Internal Server Error: /
Traceback (most recent call last):
  File "C:\Users\Student4-2\Desktop\django\CrimeWatch\.venv\Lib\site-packages\django\template\base.py", line 510, in parse
    compile_func = self.tags[command]
                   ~~~~~~~~~^^^^^^^^^
KeyError: 'endblock'

During handling of the above exception, another exception occurred:

Traceback (most recent call last):
  File "C:\Users\Student4-2\Desktop\django\CrimeWatch\.venv\Lib\site-packages\django\core\handlers\exception.py", line 55, in inner
    response = get_response(request)
  File "C:\Users\Student4-2\Desktop\django\CrimeWatch\.venv\Lib\site-packages\django\core\handlers\base.py", line 197, in _get_response
    response = wrapped_callback(request, *callback_args, **callback_kwargs)
  File "C:\Users\Student4-2\Desktop\django\CrimeWatch\crimewatch\core\views.py", line 22, in home_view
    return render(request, 'home.html')
  File "C:\Users\Student4-2\Desktop\django\CrimeWatch\.venv\Lib\site-packages\django\shortcuts.py", line 25, in render
    content = loader.render_to_string(template_name, context, request, using=using)
  File "C:\Users\Student4-2\Desktop\django\CrimeWatch\.venv\Lib\site-packages\django\template\loader.py", line 62, in render_to_string
    return template.render(context, request)
           ~~~~~~~~~~~~~~~^^^^^^^^^^^^^^^^^^
  File "C:\Users\Student4-2\Desktop\django\CrimeWatch\.venv\Lib\site-packages\django\template\backends\django.py", line 107, in render
    return self.template.render(context)
           ~~~~~~~~~~~~~~~~~~~~^^^^^^^^^
  File "C:\Users\Student4-2\Desktop\django\CrimeWatch\.venv\Lib\site-packages\django\template\base.py", line 171, in render
    return self._render(context)
           ~~~~~~~~~~~~^^^^^^^^^
  File "C:\Users\Student4-2\Desktop\django\CrimeWatch\.venv\Lib\site-packages\django\template\base.py", line 163, in _render
    return self.nodelist.render(context)
           ~~~~~~~~~~~~~~~~~~~~^^^^^^^^^
  File "C:\Users\Student4-2\Desktop\django\CrimeWatch\.venv\Lib\site-packages\django\template\base.py", line 1016, in render
    return SafeString("".join([node.render_annotated(context) for node in self]))
                               ~~~~~~~~~~~~~~~~~~~~~^^^^^^^^^
  File "C:\Users\Student4-2\Desktop\django\CrimeWatch\.venv\Lib\site-packages\django\template\base.py", line 977, in render_annotated
    return self.render(context)
           ~~~~~~~~~~~^^^^^^^^^
  File "C:\Users\Student4-2\Desktop\django\CrimeWatch\.venv\Lib\site-packages\django\template\loader_tags.py", line 134, in render
    compiled_parent = self.get_parent(context)
  File "C:\Users\Student4-2\Desktop\django\CrimeWatch\.venv\Lib\site-packages\django\template\loader_tags.py", line 131, in get_parent
    return self.find_template(parent, context)
           ~~~~~~~~~~~~~~~~~~^^^^^^^^^^^^^^^^^
  File "C:\Users\Student4-2\Desktop\django\CrimeWatch\.venv\Lib\site-packages\django\template\loader_tags.py", line 109, in find_template
    template, origin = context.template.engine.find_template(
                       ~~~~~~~~~~~~~~~~~~~~~~~~~~~~~~~~~~~~~^
        template_name,
        ^^^^^^^^^^^^^^
        skip=history,
        ^^^^^^^^^^^^^
    )
    ^
  File "C:\Users\Student4-2\Desktop\django\CrimeWatch\.venv\Lib\site-packages\django\template\engine.py", line 159, in find_template
    template = loader.get_template(name, skip=skip)
  File "C:\Users\Student4-2\Desktop\django\CrimeWatch\.venv\Lib\site-packages\django\template\loaders\cached.py", line 57, in get_template
    template = super().get_template(template_name, skip)
  File "C:\Users\Student4-2\Desktop\django\CrimeWatch\.venv\Lib\site-packages\django\template\loaders\base.py", line 28, in get_template
    return Template(
        contents,
    ...<2 lines>...
        self.engine,
    )
  File "C:\Users\Student4-2\Desktop\django\CrimeWatch\.venv\Lib\site-packages\django\template\base.py", line 154, in __init__
    self.nodelist = self.compile_nodelist()
                    ~~~~~~~~~~~~~~~~~~~~~^^
  File "C:\Users\Student4-2\Desktop\django\CrimeWatch\.venv\Lib\site-packages\django\template\base.py", line 196, in compile_nodelist
    nodelist = parser.parse()
  File "C:\Users\Student4-2\Desktop\django\CrimeWatch\.venv\Lib\site-packages\django\template\base.py", line 512, in parse
    self.invalid_block_tag(token, command, parse_until)
    ~~~~~~~~~~~~~~~~~~~~~~^^^^^^^^^^^^^^^^^^^^^^^^^^^^^
  File "C:\Users\Student4-2\Desktop\django\CrimeWatch\.venv\Lib\site-packages\django\template\base.py", line 577, in invalid_block_tag
    raise self.error(
    ...<3 lines>...
    )
django.template.exceptions.TemplateSyntaxError: Invalid block tag on line 83: 'endblock'. Did you forget to register or load this tag?
INFO 2025-10-29 14:45:31,676 autoreload Watching for file changes with StatReloader
INFO 2025-10-29 14:50:36,716 autoreload Watching for file changes with StatReloader
INFO 2025-10-29 15:05:04,997 autoreload Watching for file changes with StatReloader
INFO 2025-10-29 15:07:06,711 autoreload Watching for file changes with StatReloader
ERROR 2025-10-29 15:08:28,145 log Internal Server Error: /secret/deltarune/
Traceback (most recent call last):
  File "C:\Users\Student4-2\Desktop\django\CrimeWatch\.venv\Lib\site-packages\django\core\handlers\exception.py", line 55, in inner
    response = get_response(request)
  File "C:\Users\Student4-2\Desktop\django\CrimeWatch\.venv\Lib\site-packages\django\core\handlers\base.py", line 197, in _get_response
    response = wrapped_callback(request, *callback_args, **callback_kwargs)
  File "C:\Users\Student4-2\Desktop\django\CrimeWatch\crimewatch\core\views.py", line 16, in secret_deltarune_view
    return render(request, 'deltarune.html')
  File "C:\Users\Student4-2\Desktop\django\CrimeWatch\.venv\Lib\site-packages\django\shortcuts.py", line 25, in render
    content = loader.render_to_string(template_name, context, request, using=using)
  File "C:\Users\Student4-2\Desktop\django\CrimeWatch\.venv\Lib\site-packages\django\template\loader.py", line 61, in render_to_string
    template = get_template(template_name, using=using)
  File "C:\Users\Student4-2\Desktop\django\CrimeWatch\.venv\Lib\site-packages\django\template\loader.py", line 19, in get_template
    raise TemplateDoesNotExist(template_name, chain=chain)
django.template.exceptions.TemplateDoesNotExist: deltarune.html
INFO 2025-10-29 15:08:58,524 autoreload C:\Users\Student4-2\Desktop\django\CrimeWatch\crimewatch\core\urls.py changed, reloading.
INFO 2025-10-29 15:08:59,601 autoreload Watching for file changes with StatReloader
WARNING 2025-10-29 15:09:01,491 log Not Found: /secret/deltarune/
INFO 2025-10-29 15:09:30,735 autoreload C:\Users\Student4-2\Desktop\django\CrimeWatch\crimewatch\core\views.py changed, reloading.
INFO 2025-10-29 15:09:31,546 autoreload Watching for file changes with StatReloader
INFO 2025-10-29 15:09:34,126 autoreload C:\Users\Student4-2\Desktop\django\CrimeWatch\crimewatch\core\views.py changed, reloading.
INFO 2025-10-29 15:09:34,730 autoreload Watching for file changes with StatReloader
WARNING 2025-10-29 15:13:19,573 log Not Found: /secret/deltarune/
INFO 2025-10-31 09:26:02,748 autoreload Watching for file changes with StatReloader
WARNING 2025-10-31 09:26:06,772 log Not Found: /favicon.ico
INFO 2025-10-31 09:26:37,127 autoreload Watching for file changes with StatReloader
INFO 2025-10-31 09:37:04,059 autoreload Watching for file changes with StatReloader
ERROR 2025-10-31 09:37:12,715 log Internal Server Error: /deltarune/
Traceback (most recent call last):
  File "C:\Users\Student4-1\Desktop\django\CrimeWatch\.venv\Lib\site-packages\django\template\base.py", line 510, in parse
    compile_func = self.tags[command]
                   ~~~~~~~~~^^^^^^^^^
KeyError: 'static'

During handling of the above exception, another exception occurred:

Traceback (most recent call last):
  File "C:\Users\Student4-1\Desktop\django\CrimeWatch\.venv\Lib\site-packages\django\core\handlers\exception.py", line 55, in inner
    response = get_response(request)
  File "C:\Users\Student4-1\Desktop\django\CrimeWatch\.venv\Lib\site-packages\django\core\handlers\base.py", line 197, in _get_response
    response = wrapped_callback(request, *callback_args, **callback_kwargs)
  File "C:\Users\Student4-1\Desktop\django\CrimeWatch\crimewatch\core\views.py", line 16, in secret_deltarune_view
    return render(request, 'secret_deltarune.html')
  File "C:\Users\Student4-1\Desktop\django\CrimeWatch\.venv\Lib\site-packages\django\shortcuts.py", line 25, in render
    content = loader.render_to_string(template_name, context, request, using=using)
  File "C:\Users\Student4-1\Desktop\django\CrimeWatch\.venv\Lib\site-packages\django\template\loader.py", line 61, in render_to_string
    template = get_template(template_name, using=using)
  File "C:\Users\Student4-1\Desktop\django\CrimeWatch\.venv\Lib\site-packages\django\template\loader.py", line 15, in get_template
    return engine.get_template(template_name)
           ~~~~~~~~~~~~~~~~~~~^^^^^^^^^^^^^^^
  File "C:\Users\Student4-1\Desktop\django\CrimeWatch\.venv\Lib\site-packages\django\template\backends\django.py", line 79, in get_template
    return Template(self.engine.get_template(template_name), self)
                    ~~~~~~~~~~~~~~~~~~~~~~~~^^^^^^^^^^^^^^^
  File "C:\Users\Student4-1\Desktop\django\CrimeWatch\.venv\Lib\site-packages\django\template\engine.py", line 177, in get_template
    template, origin = self.find_template(template_name)
                       ~~~~~~~~~~~~~~~~~~^^^^^^^^^^^^^^^
  File "C:\Users\Student4-1\Desktop\django\CrimeWatch\.venv\Lib\site-packages\django\template\engine.py", line 159, in find_template
    template = loader.get_template(name, skip=skip)
  File "C:\Users\Student4-1\Desktop\django\CrimeWatch\.venv\Lib\site-packages\django\template\loaders\cached.py", line 57, in get_template
    template = super().get_template(template_name, skip)
  File "C:\Users\Student4-1\Desktop\django\CrimeWatch\.venv\Lib\site-packages\django\template\loaders\base.py", line 28, in get_template
    return Template(
        contents,
    ...<2 lines>...
        self.engine,
    )
  File "C:\Users\Student4-1\Desktop\django\CrimeWatch\.venv\Lib\site-packages\django\template\base.py", line 154, in __init__
    self.nodelist = self.compile_nodelist()
                    ~~~~~~~~~~~~~~~~~~~~~^^
  File "C:\Users\Student4-1\Desktop\django\CrimeWatch\.venv\Lib\site-packages\django\template\base.py", line 196, in compile_nodelist
    nodelist = parser.parse()
  File "C:\Users\Student4-1\Desktop\django\CrimeWatch\.venv\Lib\site-packages\django\template\base.py", line 512, in parse
    self.invalid_block_tag(token, command, parse_until)
    ~~~~~~~~~~~~~~~~~~~~~~^^^^^^^^^^^^^^^^^^^^^^^^^^^^^
  File "C:\Users\Student4-1\Desktop\django\CrimeWatch\.venv\Lib\site-packages\django\template\base.py", line 577, in invalid_block_tag
    raise self.error(
    ...<3 lines>...
    )
django.template.exceptions.TemplateSyntaxError: Invalid block tag on line 40: 'static'. Did you forget to register or load this tag?
INFO 2025-10-31 09:39:26,447 autoreload Watching for file changes with StatReloader
INFO 2025-10-31 09:46:46,538 autoreload Watching for file changes with StatReloader
INFO 2025-10-31 09:47:43,549 autoreload Watching for file changes with StatReloader
INFO 2025-10-31 09:50:14,965 autoreload Watching for file changes with StatReloader
INFO 2025-10-31 09:52:27,443 autoreload Watching for file changes with StatReloader
INFO 2025-10-31 09:58:54,953 autoreload Watching for file changes with StatReloader
INFO 2025-10-31 10:03:30,936 autoreload Watching for file changes with StatReloader
ERROR 2025-10-31 10:03:40,111 log Internal Server Error: /deltarune/
Traceback (most recent call last):
  File "C:\Users\Student4-1\Desktop\django\CrimeWatch\.venv\Lib\site-packages\django\template\base.py", line 510, in parse
    compile_func = self.tags[command]
                   ~~~~~~~~~^^^^^^^^^
KeyError: 'static'

During handling of the above exception, another exception occurred:

Traceback (most recent call last):
  File "C:\Users\Student4-1\Desktop\django\CrimeWatch\.venv\Lib\site-packages\django\core\handlers\exception.py", line 55, in inner
    response = get_response(request)
  File "C:\Users\Student4-1\Desktop\django\CrimeWatch\.venv\Lib\site-packages\django\core\handlers\base.py", line 197, in _get_response
    response = wrapped_callback(request, *callback_args, **callback_kwargs)
  File "C:\Users\Student4-1\Desktop\django\CrimeWatch\crimewatch\core\views.py", line 16, in secret_deltarune_view
    return render(request, 'secret_deltarune.html')
  File "C:\Users\Student4-1\Desktop\django\CrimeWatch\.venv\Lib\site-packages\django\shortcuts.py", line 25, in render
    content = loader.render_to_string(template_name, context, request, using=using)
  File "C:\Users\Student4-1\Desktop\django\CrimeWatch\.venv\Lib\site-packages\django\template\loader.py", line 61, in render_to_string
    template = get_template(template_name, using=using)
  File "C:\Users\Student4-1\Desktop\django\CrimeWatch\.venv\Lib\site-packages\django\template\loader.py", line 15, in get_template
    return engine.get_template(template_name)
           ~~~~~~~~~~~~~~~~~~~^^^^^^^^^^^^^^^
  File "C:\Users\Student4-1\Desktop\django\CrimeWatch\.venv\Lib\site-packages\django\template\backends\django.py", line 79, in get_template
    return Template(self.engine.get_template(template_name), self)
                    ~~~~~~~~~~~~~~~~~~~~~~~~^^^^^^^^^^^^^^^
  File "C:\Users\Student4-1\Desktop\django\CrimeWatch\.venv\Lib\site-packages\django\template\engine.py", line 177, in get_template
    template, origin = self.find_template(template_name)
                       ~~~~~~~~~~~~~~~~~~^^^^^^^^^^^^^^^
  File "C:\Users\Student4-1\Desktop\django\CrimeWatch\.venv\Lib\site-packages\django\template\engine.py", line 159, in find_template
    template = loader.get_template(name, skip=skip)
  File "C:\Users\Student4-1\Desktop\django\CrimeWatch\.venv\Lib\site-packages\django\template\loaders\cached.py", line 57, in get_template
    template = super().get_template(template_name, skip)
  File "C:\Users\Student4-1\Desktop\django\CrimeWatch\.venv\Lib\site-packages\django\template\loaders\base.py", line 28, in get_template
    return Template(
        contents,
    ...<2 lines>...
        self.engine,
    )
  File "C:\Users\Student4-1\Desktop\django\CrimeWatch\.venv\Lib\site-packages\django\template\base.py", line 154, in __init__
    self.nodelist = self.compile_nodelist()
                    ~~~~~~~~~~~~~~~~~~~~~^^
  File "C:\Users\Student4-1\Desktop\django\CrimeWatch\.venv\Lib\site-packages\django\template\base.py", line 196, in compile_nodelist
    nodelist = parser.parse()
  File "C:\Users\Student4-1\Desktop\django\CrimeWatch\.venv\Lib\site-packages\django\template\base.py", line 512, in parse
    self.invalid_block_tag(token, command, parse_until)
    ~~~~~~~~~~~~~~~~~~~~~~^^^^^^^^^^^^^^^^^^^^^^^^^^^^^
  File "C:\Users\Student4-1\Desktop\django\CrimeWatch\.venv\Lib\site-packages\django\template\base.py", line 577, in invalid_block_tag
    raise self.error(
    ...<3 lines>...
    )
django.template.exceptions.TemplateSyntaxError: Invalid block tag on line 126: 'static'. Did you forget to register or load this tag?
INFO 2025-10-31 10:04:10,787 autoreload Watching for file changes with StatReloader
INFO 2025-10-31 10:11:32,022 autoreload Watching for file changes with StatReloader
ERROR 2025-10-31 10:11:41,017 log Internal Server Error: /deltarune/
Traceback (most recent call last):
  File "C:\Users\Student4-1\Desktop\django\CrimeWatch\.venv\Lib\site-packages\django\template\base.py", line 510, in parse
    compile_func = self.tags[command]
                   ~~~~~~~~~^^^^^^^^^
KeyError: 'static'

During handling of the above exception, another exception occurred:

Traceback (most recent call last):
  File "C:\Users\Student4-1\Desktop\django\CrimeWatch\.venv\Lib\site-packages\django\core\handlers\exception.py", line 55, in inner
    response = get_response(request)
  File "C:\Users\Student4-1\Desktop\django\CrimeWatch\.venv\Lib\site-packages\django\core\handlers\base.py", line 197, in _get_response
    response = wrapped_callback(request, *callback_args, **callback_kwargs)
  File "C:\Users\Student4-1\Desktop\django\CrimeWatch\crimewatch\core\views.py", line 16, in secret_deltarune_view
    return render(request, 'secret_deltarune.html')
  File "C:\Users\Student4-1\Desktop\django\CrimeWatch\.venv\Lib\site-packages\django\shortcuts.py", line 25, in render
    content = loader.render_to_string(template_name, context, request, using=using)
  File "C:\Users\Student4-1\Desktop\django\CrimeWatch\.venv\Lib\site-packages\django\template\loader.py", line 61, in render_to_string
    template = get_template(template_name, using=using)
  File "C:\Users\Student4-1\Desktop\django\CrimeWatch\.venv\Lib\site-packages\django\template\loader.py", line 15, in get_template
    return engine.get_template(template_name)
           ~~~~~~~~~~~~~~~~~~~^^^^^^^^^^^^^^^
  File "C:\Users\Student4-1\Desktop\django\CrimeWatch\.venv\Lib\site-packages\django\template\backends\django.py", line 79, in get_template
    return Template(self.engine.get_template(template_name), self)
                    ~~~~~~~~~~~~~~~~~~~~~~~~^^^^^^^^^^^^^^^
  File "C:\Users\Student4-1\Desktop\django\CrimeWatch\.venv\Lib\site-packages\django\template\engine.py", line 177, in get_template
    template, origin = self.find_template(template_name)
                       ~~~~~~~~~~~~~~~~~~^^^^^^^^^^^^^^^
  File "C:\Users\Student4-1\Desktop\django\CrimeWatch\.venv\Lib\site-packages\django\template\engine.py", line 159, in find_template
    template = loader.get_template(name, skip=skip)
  File "C:\Users\Student4-1\Desktop\django\CrimeWatch\.venv\Lib\site-packages\django\template\loaders\cached.py", line 57, in get_template
    template = super().get_template(template_name, skip)
  File "C:\Users\Student4-1\Desktop\django\CrimeWatch\.venv\Lib\site-packages\django\template\loaders\base.py", line 28, in get_template
    return Template(
        contents,
    ...<2 lines>...
        self.engine,
    )
  File "C:\Users\Student4-1\Desktop\django\CrimeWatch\.venv\Lib\site-packages\django\template\base.py", line 154, in __init__
    self.nodelist = self.compile_nodelist()
                    ~~~~~~~~~~~~~~~~~~~~~^^
  File "C:\Users\Student4-1\Desktop\django\CrimeWatch\.venv\Lib\site-packages\django\template\base.py", line 196, in compile_nodelist
    nodelist = parser.parse()
  File "C:\Users\Student4-1\Desktop\django\CrimeWatch\.venv\Lib\site-packages\django\template\base.py", line 512, in parse
    self.invalid_block_tag(token, command, parse_until)
    ~~~~~~~~~~~~~~~~~~~~~~^^^^^^^^^^^^^^^^^^^^^^^^^^^^^
  File "C:\Users\Student4-1\Desktop\django\CrimeWatch\.venv\Lib\site-packages\django\template\base.py", line 577, in invalid_block_tag
    raise self.error(
    ...<3 lines>...
    )
django.template.exceptions.TemplateSyntaxError: Invalid block tag on line 131: 'static'. Did you forget to register or load this tag?
INFO 2025-10-31 10:11:59,797 autoreload Watching for file changes with StatReloader
ERROR 2025-10-31 10:14:32,341 log Internal Server Error: /deltarune/
Traceback (most recent call last):
  File "C:\Users\Student4-1\Desktop\django\CrimeWatch\.venv\Lib\site-packages\django\template\base.py", line 510, in parse
    compile_func = self.tags[command]
                   ~~~~~~~~~^^^^^^^^^
KeyError: 'static'

During handling of the above exception, another exception occurred:

Traceback (most recent call last):
  File "C:\Users\Student4-1\Desktop\django\CrimeWatch\.venv\Lib\site-packages\django\core\handlers\exception.py", line 55, in inner
    response = get_response(request)
  File "C:\Users\Student4-1\Desktop\django\CrimeWatch\.venv\Lib\site-packages\django\core\handlers\base.py", line 197, in _get_response
    response = wrapped_callback(request, *callback_args, **callback_kwargs)
  File "C:\Users\Student4-1\Desktop\django\CrimeWatch\crimewatch\core\views.py", line 16, in secret_deltarune_view
    return render(request, 'secret_deltarune.html')
  File "C:\Users\Student4-1\Desktop\django\CrimeWatch\.venv\Lib\site-packages\django\shortcuts.py", line 25, in render
    content = loader.render_to_string(template_name, context, request, using=using)
  File "C:\Users\Student4-1\Desktop\django\CrimeWatch\.venv\Lib\site-packages\django\template\loader.py", line 61, in render_to_string
    template = get_template(template_name, using=using)
  File "C:\Users\Student4-1\Desktop\django\CrimeWatch\.venv\Lib\site-packages\django\template\loader.py", line 15, in get_template
    return engine.get_template(template_name)
           ~~~~~~~~~~~~~~~~~~~^^^^^^^^^^^^^^^
  File "C:\Users\Student4-1\Desktop\django\CrimeWatch\.venv\Lib\site-packages\django\template\backends\django.py", line 79, in get_template
    return Template(self.engine.get_template(template_name), self)
                    ~~~~~~~~~~~~~~~~~~~~~~~~^^^^^^^^^^^^^^^
  File "C:\Users\Student4-1\Desktop\django\CrimeWatch\.venv\Lib\site-packages\django\template\engine.py", line 177, in get_template
    template, origin = self.find_template(template_name)
                       ~~~~~~~~~~~~~~~~~~^^^^^^^^^^^^^^^
  File "C:\Users\Student4-1\Desktop\django\CrimeWatch\.venv\Lib\site-packages\django\template\engine.py", line 159, in find_template
    template = loader.get_template(name, skip=skip)
  File "C:\Users\Student4-1\Desktop\django\CrimeWatch\.venv\Lib\site-packages\django\template\loaders\cached.py", line 57, in get_template
    template = super().get_template(template_name, skip)
  File "C:\Users\Student4-1\Desktop\django\CrimeWatch\.venv\Lib\site-packages\django\template\loaders\base.py", line 28, in get_template
    return Template(
        contents,
    ...<2 lines>...
        self.engine,
    )
  File "C:\Users\Student4-1\Desktop\django\CrimeWatch\.venv\Lib\site-packages\django\template\base.py", line 154, in __init__
    self.nodelist = self.compile_nodelist()
                    ~~~~~~~~~~~~~~~~~~~~~^^
  File "C:\Users\Student4-1\Desktop\django\CrimeWatch\.venv\Lib\site-packages\django\template\base.py", line 196, in compile_nodelist
    nodelist = parser.parse()
  File "C:\Users\Student4-1\Desktop\django\CrimeWatch\.venv\Lib\site-packages\django\template\base.py", line 512, in parse
    self.invalid_block_tag(token, command, parse_until)
    ~~~~~~~~~~~~~~~~~~~~~~^^^^^^^^^^^^^^^^^^^^^^^^^^^^^
  File "C:\Users\Student4-1\Desktop\django\CrimeWatch\.venv\Lib\site-packages\django\template\base.py", line 577, in invalid_block_tag
    raise self.error(
    ...<3 lines>...
    )
django.template.exceptions.TemplateSyntaxError: Invalid block tag on line 133: 'static'. Did you forget to register or load this tag?
INFO 2025-10-31 10:14:50,305 autoreload Watching for file changes with StatReloader
INFO 2025-10-31 10:28:54,798 autoreload Watching for file changes with StatReloader
INFO 2025-10-31 10:53:42,760 autoreload Watching for file changes with StatReloader
INFO 2025-10-31 10:56:33,308 autoreload Watching for file changes with StatReloader
INFO 2025-10-31 11:06:36,599 autoreload Watching for file changes with StatReloader
INFO 2025-10-31 11:11:04,425 autoreload Watching for file changes with StatReloader
INFO 2025-10-31 11:15:31,001 autoreload Watching for file changes with StatReloader
INFO 2025-10-31 11:29:44,478 autoreload Watching for file changes with StatReloader
INFO 2025-10-31 11:41:00,288 autoreload Watching for file changes with StatReloader
INFO 2025-10-31 11:47:08,784 autoreload Watching for file changes with StatReloader
INFO 2025-10-31 11:47:56,368 autoreload Watching for file changes with StatReloader
INFO 2025-10-31 15:02:23,506 autoreload Watching for file changes with StatReloader
WARNING 2025-10-31 15:02:27,629 log Not Found: /favicon.ico
INFO 2025-10-31 15:08:12,001 autoreload Watching for file changes with StatReloader
INFO 2025-10-31 15:08:49,241 autoreload Watching for file changes with StatReloader
WARNING 2025-10-31 15:08:58,062 log Not Found: /favicon.ico
INFO 2025-10-31 15:12:19,590 autoreload Watching for file changes with StatReloader
WARNING 2025-10-31 15:13:25,473 log Not Found: /favicon.ico
INFO 2025-10-31 15:18:49,602 autoreload Watching for file changes with StatReloader
INFO 2025-10-31 15:19:51,549 autoreload Watching for file changes with StatReloader
WARNING 2025-10-31 15:19:59,729 log Not Found: /favicon.ico
INFO 2025-10-31 15:22:17,324 autoreload Watching for file changes with StatReloader
WARNING 2025-10-31 15:22:26,725 log Not Found: /favicon.ico
INFO 2025-10-31 15:25:55,837 autoreload Watching for file changes with StatReloader
WARNING 2025-10-31 15:26:03,416 log Not Found: /favicon.ico
INFO 2025-10-31 15:29:40,657 autoreload Watching for file changes with StatReloader
INFO 2025-10-31 15:30:07,641 autoreload Watching for file changes with StatReloader
WARNING 2025-10-31 15:30:15,848 log Not Found: /favicon.ico
INFO 2025-10-31 15:30:43,761 autoreload Watching for file changes with StatReloader
WARNING 2025-10-31 15:30:55,755 log Not Found: /favicon.ico
INFO 2025-10-31 15:31:13,379 autoreload Watching for file changes with StatReloader
WARNING 2025-10-31 15:31:22,081 log Not Found: /favicon.ico
WARNING 2025-10-31 15:33:38,006 log Not Found: /favicon.ico
INFO 2025-10-31 15:34:32,768 autoreload Watching for file changes with StatReloader
WARNING 2025-10-31 15:34:48,222 log Not Found: /favicon.ico
INFO 2025-10-31 15:39:11,588 autoreload Watching for file changes with StatReloader
INFO 2025-10-31 15:39:27,172 autoreload Watching for file changes with StatReloader
WARNING 2025-10-31 15:39:36,010 log Not Found: /favicon.ico
INFO 2025-10-31 15:39:47,504 autoreload Watching for file changes with StatReloader
WARNING 2025-10-31 15:39:56,246 log Not Found: /favicon.ico
INFO 2025-11-01 21:37:48,736 autoreload Watching for file changes with StatReloader
WARNING 2025-11-01 21:37:57,365 log Not Found: /favicon.ico
WARNING 2025-11-01 21:38:06,905 log Not Found: /favicon.ico
INFO 2025-11-01 21:41:44,845 autoreload Watching for file changes with StatReloader
WARNING 2025-11-01 21:41:54,564 log Not Found: /favicon.ico
INFO 2025-11-01 21:44:40,208 autoreload Watching for file changes with StatReloader
WARNING 2025-11-01 21:44:50,165 log Not Found: /favicon.ico
INFO 2025-11-01 21:45:04,786 autoreload Watching for file changes with StatReloader
WARNING 2025-11-01 21:45:34,001 log Not Found: /favicon.ico
INFO 2025-11-01 21:47:25,907 autoreload Watching for file changes with StatReloader
WARNING 2025-11-01 21:47:37,645 log Not Found: /favicon.ico
WARNING 2025-11-01 21:49:28,702 log Not Found: /favicon.ico
